[debug] [2025-01-31T05:52:16.464Z] ----------------------------------------------------------------------
[debug] [2025-01-31T05:52:16.467Z] Command:       C:\Program Files\nodejs\node.exe C:\Users\reyma\AppData\Roaming\npm\node_modules\firebase-tools\lib\bin\firebase.js init
[debug] [2025-01-31T05:52:16.468Z] CLI Version:   13.29.3
[debug] [2025-01-31T05:52:16.468Z] Platform:      win32
[debug] [2025-01-31T05:52:16.468Z] Node Version:  v20.13.0
[debug] [2025-01-31T05:52:16.468Z] Time:          Fri Jan 31 2025 13:52:16 GMT+0800 (Philippine Standard Time)
[debug] [2025-01-31T05:52:16.468Z] ----------------------------------------------------------------------
[debug] 
[debug] [2025-01-31T05:52:16.475Z] > command requires scopes: ["email","openid","https://www.googleapis.com/auth/cloudplatformprojects.readonly","https://www.googleapis.com/auth/firebase","https://www.googleapis.com/auth/cloud-platform"]
[debug] [2025-01-31T05:52:16.475Z] > authorizing via signed-in user (reyman.geldore@dnsc.edu.ph)
[info] 
     ######## #### ########  ######## ########     ###     ######  ########
     ##        ##  ##     ## ##       ##     ##  ##   ##  ##       ##
     ######    ##  ########  ######   ########  #########  ######  ######
     ##        ##  ##    ##  ##       ##     ## ##     ##       ## ##
     ##       #### ##     ## ######## ########  ##     ##  ######  ########

You're about to initialize a Firebase project in this directory:

  C:\Users\reyma\Documents\portfolio

[info] 
=== Project Setup
[info] 
[info] First, let's associate this project directory with a Firebase project.
[info] You can create multiple project aliases by running firebase use --add, 
[info] but for now we'll just set up a default project.
[info] 
[debug] [2025-01-31T05:52:25.598Z] Checked if tokens are valid: true, expires at: 1738305265531
[debug] [2025-01-31T05:52:25.598Z] Checked if tokens are valid: true, expires at: 1738305265531
[debug] [2025-01-31T05:52:25.600Z] >>> [apiv2][query] GET https://firebase.googleapis.com/v1beta1/projects pageSize=100
[debug] [2025-01-31T05:52:26.304Z] <<< [apiv2][status] GET https://firebase.googleapis.com/v1beta1/projects 200
[debug] [2025-01-31T05:52:26.304Z] <<< [apiv2][body] GET https://firebase.googleapis.com/v1beta1/projects [omitted]
[info] i  Using project portfoliov3-f0cc1 (portfoliov3) 
[info] 
=== Hosting Setup
[debug] [2025-01-31T05:52:47.289Z] Checked if tokens are valid: true, expires at: 1738305265531
[debug] [2025-01-31T05:52:47.290Z] Checked if tokens are valid: true, expires at: 1738305265531
[debug] [2025-01-31T05:52:47.290Z] >>> [apiv2][query] GET https://firebase.googleapis.com/v1beta1/projects/portfoliov3-f0cc1 [none]
[debug] [2025-01-31T05:52:47.622Z] <<< [apiv2][status] GET https://firebase.googleapis.com/v1beta1/projects/portfoliov3-f0cc1 200
[debug] [2025-01-31T05:52:47.623Z] <<< [apiv2][body] GET https://firebase.googleapis.com/v1beta1/projects/portfoliov3-f0cc1 {"projectId":"portfoliov3-f0cc1","projectNumber":"562840162290","displayName":"portfoliov3","name":"projects/portfoliov3-f0cc1","resources":{"hostingSite":"portfoliov3-f0cc1"},"state":"ACTIVE","etag":"1_40beaaeb-841c-417b-ae7b-8009cee0ebb3"}
[info] 
[info] Your public directory is the folder (relative to your project directory) that
[info] will contain Hosting assets to be uploaded with firebase deploy. If you
[info] have a build process for your assets, use your build's output directory.
[info] 
[info] +  Wrote public/404.html 
[debug] [2025-01-31T05:55:03.257Z] >>> [apiv2][query] GET https://www.gstatic.com/firebasejs/releases.json [none]
[debug] [2025-01-31T05:55:03.407Z] <<< [apiv2][status] GET https://www.gstatic.com/firebasejs/releases.json 200
[debug] [2025-01-31T05:55:03.407Z] <<< [apiv2][body] GET https://www.gstatic.com/firebasejs/releases.json {"current":{"version":"11.2.0","browserURL":"https://www.gstatic.com/firebasejs/11.2.0/firebase.js","packageURL":"https://www.gstatic.com/firebasejs/11.2.0/firebase.tgz"},"live":{"version":"11.2","browserURL":"https://www.gstatic.com/firebasejs/live/11.2/firebase.js","packageURL":"https://www.gstatic.com/firebasejs/live/11.2/firebase.tgz"},"components":{"analytics":"https://www.gstatic.com/firebasejs/11.2.0/firebase-analytics.js","app":"https://www.gstatic.com/firebasejs/11.2.0/firebase-app.js","app-check":"https://www.gstatic.com/firebasejs/11.2.0/firebase-app-check.js","auth":"https://www.gstatic.com/firebasejs/11.2.0/firebase-auth.js","auth/cordova":"https://www.gstatic.com/firebasejs/11.2.0/firebase-auth/cordova.js","auth/web-extension":"https://www.gstatic.com/firebasejs/11.2.0/firebase-auth/web-extension.js","functions":"https://www.gstatic.com/firebasejs/11.2.0/firebase-functions.js","firestore":"https://www.gstatic.com/firebasejs/11.2.0/firebase-firestore.js","firestore/lite":"https://www.gstatic.com/firebasejs/11.2.0/firebase-firestore/lite.js","installations":"https://www.gstatic.com/firebasejs/11.2.0/firebase-installations.js","storage":"https://www.gstatic.com/firebasejs/11.2.0/firebase-storage.js","performance":"https://www.gstatic.com/firebasejs/11.2.0/firebase-performance.js","remote-config":"https://www.gstatic.com/firebasejs/11.2.0/firebase-remote-config.js","messaging":"https://www.gstatic.com/firebasejs/11.2.0/firebase-messaging.js","messaging/sw":"https://www.gstatic.com/firebasejs/11.2.0/firebase-messaging/sw.js","database":"https://www.gstatic.com/firebasejs/11.2.0/firebase-database.js","vertexai":"https://www.gstatic.com/firebasejs/11.2.0/firebase-vertexai.js","data-connect":"https://www.gstatic.com/firebasejs/11.2.0/firebase-data-connect.js","firestore.memory":"https://www.gstatic.com/firebasejs/11.2.0/firebase-firestore.memory.js"}}
[info] i  Skipping write of public/index.html 
[info] 
[info] i  Writing configuration info to firebase.json... 
[info] i  Writing project information to .firebaserc... 
[info] i  Writing gitignore file to .gitignore... 
[info] 
[info] +  Firebase initialization complete! 
